<?xml version="1.0" encoding="UTF-8"?>
<testsuite xmlns:xsi="http://www.w3.org/2001/XMLSchema-instance" xsi:noNamespaceSchemaLocation="https://maven.apache.org/surefire/maven-surefire-plugin/xsd/surefire-test-report-3.0.xsd" version="3.0" name="EmployeeServiceTest" time="1.896" tests="16" errors="0" skipped="0" failures="0">
  <properties>
    <property name="java.specification.version" value="21"/>
    <property name="sun.cpu.isalist" value="amd64"/>
    <property name="sun.jnu.encoding" value="Cp1252"/>
    <property name="java.class.path" value="C:\Users\danilo\Documents\NetBeansProjects\AOOP_MPH_PayrollSystem_Maven\target\test-classes;C:\Users\danilo\Documents\NetBeansProjects\AOOP_MPH_PayrollSystem_Maven\target\classes;C:\Users\danilo\.m2\repository\org\junit\jupiter\junit-jupiter\5.10.2\junit-jupiter-5.10.2.jar;C:\Users\danilo\.m2\repository\org\junit\jupiter\junit-jupiter-api\5.10.2\junit-jupiter-api-5.10.2.jar;C:\Users\danilo\.m2\repository\org\opentest4j\opentest4j\1.3.0\opentest4j-1.3.0.jar;C:\Users\danilo\.m2\repository\org\junit\platform\junit-platform-commons\1.10.2\junit-platform-commons-1.10.2.jar;C:\Users\danilo\.m2\repository\org\apiguardian\apiguardian-api\1.1.2\apiguardian-api-1.1.2.jar;C:\Users\danilo\.m2\repository\org\junit\jupiter\junit-jupiter-params\5.10.2\junit-jupiter-params-5.10.2.jar;C:\Users\danilo\.m2\repository\org\junit\jupiter\junit-jupiter-engine\5.10.2\junit-jupiter-engine-5.10.2.jar;C:\Users\danilo\.m2\repository\org\junit\platform\junit-platform-engine\1.10.2\junit-platform-engine-1.10.2.jar;C:\Users\danilo\.m2\repository\com\mysql\mysql-connector-j\9.3.0\mysql-connector-j-9.3.0.jar;C:\Users\danilo\.m2\repository\com\google\protobuf\protobuf-java\4.29.0\protobuf-java-4.29.0.jar;C:\Users\danilo\.m2\repository\org\mockito\mockito-core\5.2.0\mockito-core-5.2.0.jar;C:\Users\danilo\.m2\repository\net\bytebuddy\byte-buddy\1.14.1\byte-buddy-1.14.1.jar;C:\Users\danilo\.m2\repository\net\bytebuddy\byte-buddy-agent\1.14.1\byte-buddy-agent-1.14.1.jar;C:\Users\danilo\.m2\repository\org\objenesis\objenesis\3.3\objenesis-3.3.jar;C:\Users\danilo\.m2\repository\com\github\lgooddatepicker\LGoodDatePicker\11.2.1\LGoodDatePicker-11.2.1.jar;C:\Users\danilo\.m2\repository\com\toedter\jcalendar\1.4\jcalendar-1.4.jar;C:\Users\danilo\.m2\repository\org\mindrot\jbcrypt\0.4\jbcrypt-0.4.jar;C:\Users\danilo\.m2\repository\com\opencsv\opencsv\3.8\opencsv-3.8.jar;C:\Users\danilo\.m2\repository\org\apache\commons\commons-lang3\3.4\commons-lang3-3.4.jar;C:\Users\danilo\.m2\repository\commons-beanutils\commons-beanutils\1.9.2\commons-beanutils-1.9.2.jar;C:\Users\danilo\.m2\repository\commons-collections\commons-collections\3.2.1\commons-collections-3.2.1.jar;C:\Users\danilo\.m2\repository\org\netbeans\external\AbsoluteLayout\RELEASE260\AbsoluteLayout-RELEASE260.jar;C:\Users\danilo\.m2\repository\net\sf\jasperreports\jasperreports\7.0.3\jasperreports-7.0.3.jar;C:\Users\danilo\.m2\repository\commons-logging\commons-logging\1.3.0\commons-logging-1.3.0.jar;C:\Users\danilo\.m2\repository\org\apache\commons\commons-collections4\4.4\commons-collections4-4.4.jar;C:\Users\danilo\.m2\repository\com\fasterxml\jackson\core\jackson-core\2.18.2\jackson-core-2.18.2.jar;C:\Users\danilo\.m2\repository\com\fasterxml\jackson\core\jackson-annotations\2.18.2\jackson-annotations-2.18.2.jar;C:\Users\danilo\.m2\repository\com\fasterxml\jackson\core\jackson-databind\2.18.2\jackson-databind-2.18.2.jar;C:\Users\danilo\.m2\repository\org\apache\xmlgraphics\batik-anim\1.18\batik-anim-1.18.jar;C:\Users\danilo\.m2\repository\org\apache\xmlgraphics\batik-ext\1.18\batik-ext-1.18.jar;C:\Users\danilo\.m2\repository\org\apache\xmlgraphics\batik-parser\1.18\batik-parser-1.18.jar;C:\Users\danilo\.m2\repository\org\apache\xmlgraphics\batik-shared-resources\1.18\batik-shared-resources-1.18.jar;C:\Users\danilo\.m2\repository\org\apache\xmlgraphics\batik-bridge\1.18\batik-bridge-1.18.jar;C:\Users\danilo\.m2\repository\org\apache\xmlgraphics\batik-script\1.18\batik-script-1.18.jar;C:\Users\danilo\.m2\repository\org\apache\xmlgraphics\batik-xml\1.18\batik-xml-1.18.jar;C:\Users\danilo\.m2\repository\org\apache\xmlgraphics\xmlgraphics-commons\2.10\xmlgraphics-commons-2.10.jar;C:\Users\danilo\.m2\repository\commons-io\commons-io\2.11.0\commons-io-2.11.0.jar;C:\Users\danilo\.m2\repository\org\apache\xmlgraphics\batik-dom\1.18\batik-dom-1.18.jar;C:\Users\danilo\.m2\repository\org\apache\xmlgraphics\batik-svg-dom\1.18\batik-svg-dom-1.18.jar;C:\Users\danilo\.m2\repository\org\apache\xmlgraphics\batik-awt-util\1.18\batik-awt-util-1.18.jar;C:\Users\danilo\.m2\repository\org\apache\xmlgraphics\batik-gvt\1.18\batik-gvt-1.18.jar;C:\Users\danilo\.m2\repository\org\apache\xmlgraphics\batik-util\1.18\batik-util-1.18.jar;C:\Users\danilo\.m2\repository\org\apache\xmlgraphics\batik-i18n\1.18\batik-i18n-1.18.jar;C:\Users\danilo\.m2\repository\org\apache\xmlgraphics\batik-constants\1.18\batik-constants-1.18.jar;C:\Users\danilo\.m2\repository\org\apache\xmlgraphics\batik-css\1.18\batik-css-1.18.jar;C:\Users\danilo\.m2\repository\xml-apis\xml-apis-ext\1.3.04\xml-apis-ext-1.3.04.jar;C:\Users\danilo\.m2\repository\net\sf\jasperreports\jasperreports-pdf\7.0.3\jasperreports-pdf-7.0.3.jar;C:\Users\danilo\.m2\repository\com\github\librepdf\openpdf\1.3.32\openpdf-1.3.32.jar;C:\Users\danilo\.m2\repository\com\adobe\xmp\xmpcore\6.1.11\xmpcore-6.1.11.jar;C:\Users\danilo\.m2\repository\net\sf\jasperreports\jasperreports-fonts\7.0.3\jasperreports-fonts-7.0.3.jar;C:\Users\danilo\.m2\repository\net\sf\jasperreports\jasperreports-functions\7.0.3\jasperreports-functions-7.0.3.jar;C:\Users\danilo\.m2\repository\org\apache\pdfbox\pdfbox\2.0.27\pdfbox-2.0.27.jar;C:\Users\danilo\.m2\repository\org\apache\pdfbox\fontbox\2.0.27\fontbox-2.0.27.jar;C:\Users\danilo\.m2\repository\com\fasterxml\jackson\dataformat\jackson-dataformat-xml\2.19.1\jackson-dataformat-xml-2.19.1.jar;C:\Users\danilo\.m2\repository\org\codehaus\woodstox\stax2-api\4.2.2\stax2-api-4.2.2.jar;C:\Users\danilo\.m2\repository\com\fasterxml\woodstox\woodstox-core\6.5.0\woodstox-core-6.5.0.jar;"/>
    <property name="java.vm.vendor" value="Oracle Corporation"/>
    <property name="sun.arch.data.model" value="64"/>
    <property name="user.variant" value=""/>
    <property name="java.vendor.url" value="https://java.oracle.com/"/>
    <property name="user.timezone" value="Asia/Manila"/>
    <property name="os.name" value="Windows 11"/>
    <property name="java.vm.specification.version" value="21"/>
    <property name="user.country" value="PH"/>
    <property name="sun.java.launcher" value="SUN_STANDARD"/>
    <property name="sun.boot.library.path" value="C:\Program Files\Java\jdk-21\bin"/>
    <property name="sun.java.command" value="C:\Users\danilo\AppData\Local\Temp\surefire10915872297617943309\surefirebooter-20250723200128361_3.jar C:\Users\danilo\AppData\Local\Temp\surefire10915872297617943309 2025-07-23T20-01-28_108-jvmRun1 surefire-20250723200128361_1tmp surefire_0-20250723200128361_2tmp"/>
    <property name="jdk.debug" value="release"/>
    <property name="test" value="EmployeeServiceTest"/>
    <property name="surefire.test.class.path" value="C:\Users\danilo\Documents\NetBeansProjects\AOOP_MPH_PayrollSystem_Maven\target\test-classes;C:\Users\danilo\Documents\NetBeansProjects\AOOP_MPH_PayrollSystem_Maven\target\classes;C:\Users\danilo\.m2\repository\org\junit\jupiter\junit-jupiter\5.10.2\junit-jupiter-5.10.2.jar;C:\Users\danilo\.m2\repository\org\junit\jupiter\junit-jupiter-api\5.10.2\junit-jupiter-api-5.10.2.jar;C:\Users\danilo\.m2\repository\org\opentest4j\opentest4j\1.3.0\opentest4j-1.3.0.jar;C:\Users\danilo\.m2\repository\org\junit\platform\junit-platform-commons\1.10.2\junit-platform-commons-1.10.2.jar;C:\Users\danilo\.m2\repository\org\apiguardian\apiguardian-api\1.1.2\apiguardian-api-1.1.2.jar;C:\Users\danilo\.m2\repository\org\junit\jupiter\junit-jupiter-params\5.10.2\junit-jupiter-params-5.10.2.jar;C:\Users\danilo\.m2\repository\org\junit\jupiter\junit-jupiter-engine\5.10.2\junit-jupiter-engine-5.10.2.jar;C:\Users\danilo\.m2\repository\org\junit\platform\junit-platform-engine\1.10.2\junit-platform-engine-1.10.2.jar;C:\Users\danilo\.m2\repository\com\mysql\mysql-connector-j\9.3.0\mysql-connector-j-9.3.0.jar;C:\Users\danilo\.m2\repository\com\google\protobuf\protobuf-java\4.29.0\protobuf-java-4.29.0.jar;C:\Users\danilo\.m2\repository\org\mockito\mockito-core\5.2.0\mockito-core-5.2.0.jar;C:\Users\danilo\.m2\repository\net\bytebuddy\byte-buddy\1.14.1\byte-buddy-1.14.1.jar;C:\Users\danilo\.m2\repository\net\bytebuddy\byte-buddy-agent\1.14.1\byte-buddy-agent-1.14.1.jar;C:\Users\danilo\.m2\repository\org\objenesis\objenesis\3.3\objenesis-3.3.jar;C:\Users\danilo\.m2\repository\com\github\lgooddatepicker\LGoodDatePicker\11.2.1\LGoodDatePicker-11.2.1.jar;C:\Users\danilo\.m2\repository\com\toedter\jcalendar\1.4\jcalendar-1.4.jar;C:\Users\danilo\.m2\repository\org\mindrot\jbcrypt\0.4\jbcrypt-0.4.jar;C:\Users\danilo\.m2\repository\com\opencsv\opencsv\3.8\opencsv-3.8.jar;C:\Users\danilo\.m2\repository\org\apache\commons\commons-lang3\3.4\commons-lang3-3.4.jar;C:\Users\danilo\.m2\repository\commons-beanutils\commons-beanutils\1.9.2\commons-beanutils-1.9.2.jar;C:\Users\danilo\.m2\repository\commons-collections\commons-collections\3.2.1\commons-collections-3.2.1.jar;C:\Users\danilo\.m2\repository\org\netbeans\external\AbsoluteLayout\RELEASE260\AbsoluteLayout-RELEASE260.jar;C:\Users\danilo\.m2\repository\net\sf\jasperreports\jasperreports\7.0.3\jasperreports-7.0.3.jar;C:\Users\danilo\.m2\repository\commons-logging\commons-logging\1.3.0\commons-logging-1.3.0.jar;C:\Users\danilo\.m2\repository\org\apache\commons\commons-collections4\4.4\commons-collections4-4.4.jar;C:\Users\danilo\.m2\repository\com\fasterxml\jackson\core\jackson-core\2.18.2\jackson-core-2.18.2.jar;C:\Users\danilo\.m2\repository\com\fasterxml\jackson\core\jackson-annotations\2.18.2\jackson-annotations-2.18.2.jar;C:\Users\danilo\.m2\repository\com\fasterxml\jackson\core\jackson-databind\2.18.2\jackson-databind-2.18.2.jar;C:\Users\danilo\.m2\repository\org\apache\xmlgraphics\batik-anim\1.18\batik-anim-1.18.jar;C:\Users\danilo\.m2\repository\org\apache\xmlgraphics\batik-ext\1.18\batik-ext-1.18.jar;C:\Users\danilo\.m2\repository\org\apache\xmlgraphics\batik-parser\1.18\batik-parser-1.18.jar;C:\Users\danilo\.m2\repository\org\apache\xmlgraphics\batik-shared-resources\1.18\batik-shared-resources-1.18.jar;C:\Users\danilo\.m2\repository\org\apache\xmlgraphics\batik-bridge\1.18\batik-bridge-1.18.jar;C:\Users\danilo\.m2\repository\org\apache\xmlgraphics\batik-script\1.18\batik-script-1.18.jar;C:\Users\danilo\.m2\repository\org\apache\xmlgraphics\batik-xml\1.18\batik-xml-1.18.jar;C:\Users\danilo\.m2\repository\org\apache\xmlgraphics\xmlgraphics-commons\2.10\xmlgraphics-commons-2.10.jar;C:\Users\danilo\.m2\repository\commons-io\commons-io\2.11.0\commons-io-2.11.0.jar;C:\Users\danilo\.m2\repository\org\apache\xmlgraphics\batik-dom\1.18\batik-dom-1.18.jar;C:\Users\danilo\.m2\repository\org\apache\xmlgraphics\batik-svg-dom\1.18\batik-svg-dom-1.18.jar;C:\Users\danilo\.m2\repository\org\apache\xmlgraphics\batik-awt-util\1.18\batik-awt-util-1.18.jar;C:\Users\danilo\.m2\repository\org\apache\xmlgraphics\batik-gvt\1.18\batik-gvt-1.18.jar;C:\Users\danilo\.m2\repository\org\apache\xmlgraphics\batik-util\1.18\batik-util-1.18.jar;C:\Users\danilo\.m2\repository\org\apache\xmlgraphics\batik-i18n\1.18\batik-i18n-1.18.jar;C:\Users\danilo\.m2\repository\org\apache\xmlgraphics\batik-constants\1.18\batik-constants-1.18.jar;C:\Users\danilo\.m2\repository\org\apache\xmlgraphics\batik-css\1.18\batik-css-1.18.jar;C:\Users\danilo\.m2\repository\xml-apis\xml-apis-ext\1.3.04\xml-apis-ext-1.3.04.jar;C:\Users\danilo\.m2\repository\net\sf\jasperreports\jasperreports-pdf\7.0.3\jasperreports-pdf-7.0.3.jar;C:\Users\danilo\.m2\repository\com\github\librepdf\openpdf\1.3.32\openpdf-1.3.32.jar;C:\Users\danilo\.m2\repository\com\adobe\xmp\xmpcore\6.1.11\xmpcore-6.1.11.jar;C:\Users\danilo\.m2\repository\net\sf\jasperreports\jasperreports-fonts\7.0.3\jasperreports-fonts-7.0.3.jar;C:\Users\danilo\.m2\repository\net\sf\jasperreports\jasperreports-functions\7.0.3\jasperreports-functions-7.0.3.jar;C:\Users\danilo\.m2\repository\org\apache\pdfbox\pdfbox\2.0.27\pdfbox-2.0.27.jar;C:\Users\danilo\.m2\repository\org\apache\pdfbox\fontbox\2.0.27\fontbox-2.0.27.jar;C:\Users\danilo\.m2\repository\com\fasterxml\jackson\dataformat\jackson-dataformat-xml\2.19.1\jackson-dataformat-xml-2.19.1.jar;C:\Users\danilo\.m2\repository\org\codehaus\woodstox\stax2-api\4.2.2\stax2-api-4.2.2.jar;C:\Users\danilo\.m2\repository\com\fasterxml\woodstox\woodstox-core\6.5.0\woodstox-core-6.5.0.jar;"/>
    <property name="sun.cpu.endian" value="little"/>
    <property name="user.home" value="C:\Users\danilo"/>
    <property name="user.language" value="en"/>
    <property name="java.specification.vendor" value="Oracle Corporation"/>
    <property name="java.version.date" value="2023-10-17"/>
    <property name="java.home" value="C:\Program Files\Java\jdk-21"/>
    <property name="file.separator" value="\"/>
    <property name="basedir" value="C:\Users\danilo\Documents\NetBeansProjects\AOOP_MPH_PayrollSystem_Maven"/>
    <property name="java.vm.compressedOopsMode" value="Zero based"/>
    <property name="line.separator" value="&#10;"/>
    <property name="java.vm.specification.vendor" value="Oracle Corporation"/>
    <property name="java.specification.name" value="Java Platform API Specification"/>
    <property name="surefire.real.class.path" value="C:\Users\danilo\AppData\Local\Temp\surefire10915872297617943309\surefirebooter-20250723200128361_3.jar"/>
    <property name="user.script" value=""/>
    <property name="sun.management.compiler" value="HotSpot 64-Bit Tiered Compilers"/>
    <property name="java.runtime.version" value="21.0.1+12-LTS-29"/>
    <property name="user.name" value="danilo"/>
    <property name="stdout.encoding" value="Cp1252"/>
    <property name="path.separator" value=";"/>
    <property name="os.version" value="10.0"/>
    <property name="java.runtime.name" value="Java(TM) SE Runtime Environment"/>
    <property name="file.encoding" value="UTF-8"/>
    <property name="java.vm.name" value="Java HotSpot(TM) 64-Bit Server VM"/>
    <property name="maven.ext.class.path" value="C:\Program Files\NetBeans-20\netbeans\java\maven-nblib\netbeans-eventspy.jar"/>
    <property name="localRepository" value="C:\Users\danilo\.m2\repository"/>
    <property name="java.vendor.url.bug" value="https://bugreport.java.com/bugreport/"/>
    <property name="java.io.tmpdir" value="C:\Users\danilo\AppData\Local\Temp\"/>
    <property name="java.version" value="21.0.1"/>
    <property name="user.dir" value="C:\Users\danilo\Documents\NetBeansProjects\AOOP_MPH_PayrollSystem_Maven"/>
    <property name="os.arch" value="amd64"/>
    <property name="java.vm.specification.name" value="Java Virtual Machine Specification"/>
    <property name="sun.os.patch.level" value=""/>
    <property name="native.encoding" value="Cp1252"/>
    <property name="java.library.path" value="C:\Program Files\Java\jdk-21\bin;C:\WINDOWS\Sun\Java\bin;C:\WINDOWS\system32;C:\WINDOWS;C:\Program Files\Common Files\Oracle\Java\javapath;C:\WINDOWS\system32;C:\WINDOWS;C:\WINDOWS\System32\Wbem;C:\WINDOWS\System32\WindowsPowerShell\v1.0\;C:\WINDOWS\System32\OpenSSH\;C:\Program Files\dotnet\;C:\Program Files\Git\cmd;C:\Users\danilo\AppData\Local\Programs\Python\Launcher\;C:\Users\danilo\AppData\Local\Microsoft\WindowsApps;C:\Users\danilo\AppData\Local\Programs\Microsoft VS Code\bin;C:\Users\danilo\AppData\Local\GitHubDesktop\bin;;."/>
    <property name="java.vm.info" value="mixed mode, sharing"/>
    <property name="stderr.encoding" value="Cp1252"/>
    <property name="java.vendor" value="Oracle Corporation"/>
    <property name="java.vm.version" value="21.0.1+12-LTS-29"/>
    <property name="sun.io.unicode.encoding" value="UnicodeLittle"/>
    <property name="java.class.version" value="65.0"/>
  </properties>
  <testcase name="testCase15_AddressFieldFormatting" classname="EmployeeServiceTest" time="0.316">
    <system-out><![CDATA[Database connection established for EmployeeServiceTest.
== CASE 15: Address Field Formatting ==
Formatted address: Agapita Building, Poblacion, Manila, Metro Manila, 1000
]]></system-out>
  </testcase>
  <testcase name="testCase14_PrintAllEmployees" classname="EmployeeServiceTest" time="0.085">
    <system-out><![CDATA[== CASE 14: Print All Employees ==
Employee{employeeId=10001, lastName='Garcia', firstName='Manuel III', birthdate=1983-10-11, street='Valero Carpark Building Valero Street', barangay='Bel-Air', city='Makati City', province='Metro Manila', zip='1227', phoneNumber='2-966860270', sssNumber='44-4506057-3', tinNumber='691295330870', philhealthNumber='820126853951', pagibigNumber='442-605-657-000', status='Regular', position='Chief Executive Officer', immediateSupervisor='null', basicSalary=90000.0, riceSubsidy=1500.0, phoneAllowance=2000.0, clothingAllowance=1000.0}
Employee{employeeId=10002, lastName='Lim', firstName='Antonio', birthdate=1988-06-19, street='San Antonio De Padua 2, Block 1 Lot 8 and 2', barangay='Poblacion', city='Dasmariñas', province='Cavite', zip='4114', phoneNumber='46-171867411', sssNumber='52-2061274-9', tinNumber='663904995411', philhealthNumber='331735646338', pagibigNumber='683-102-776-000', status='Regular', position='Chief Operating Officer', immediateSupervisor='Manuel III Garcia', basicSalary=60000.0, riceSubsidy=1500.0, phoneAllowance=2000.0, clothingAllowance=1000.0}
Employee{employeeId=10003, lastName='Aquino', firstName='Bianca Sofia', birthdate=1989-08-04, street='Rm. 402 4/F Jiao Building Timog Avenue Cor. Quezon Avenue', barangay='Poblacion', city='Quezon City', province='Metro Manila', zip='1100', phoneNumber='2-966889370', sssNumber='30-8870406-2', tinNumber='171519773969', philhealthNumber='177451189665', pagibigNumber='971-711-280-000', status='Regular', position='Chief Finance Officer', immediateSupervisor='Manuel III Garcia', basicSalary=60000.0, riceSubsidy=1500.0, phoneAllowance=2000.0, clothingAllowance=1000.0}
Employee{employeeId=10004, lastName='Reyes', firstName='Isabella', birthdate=1994-06-16, street='460 Solanda Street', barangay='Intramuros', city='Manila', province='Metro Manila', zip='1000', phoneNumber='2-786868477', sssNumber='40-2511815-0', tinNumber='416946776041', philhealthNumber='341911411254', pagibigNumber='876-809-437-000', status='Regular', position='Chief Marketing Officer', immediateSupervisor='Antonio Lim', basicSalary=60000.0, riceSubsidy=1500.0, phoneAllowance=2000.0, clothingAllowance=1000.0}
Employee{employeeId=10005, lastName='Hernandez', firstName='Eduard', birthdate=1989-09-23, street='National Highway', barangay='Poblacion', city='Gingoog', province='Misamis Occidental', zip='9004', phoneNumber='88-88861012', sssNumber='50-5577638-1', tinNumber='952347222457', philhealthNumber='957436191812', pagibigNumber='031-702-374-000', status='Regular', position='IT Operations and Systems', immediateSupervisor='Antonio Lim', basicSalary=52670.0, riceSubsidy=1500.0, phoneAllowance=1000.0, clothingAllowance=1000.0}
Employee{employeeId=10006, lastName='Villanueva', firstName='Andrea Mae', birthdate=1988-02-14, street='17/85 Stracke Via Suite 042', barangay='Poblacion', city='Las Piñas', province='Dinagat Islands', zip='4783', phoneNumber='86-918621603', sssNumber='49-1632020-8', tinNumber='441093369646', philhealthNumber='382189453145', pagibigNumber='317-674-022-000', status='Regular', position='HR Manager', immediateSupervisor='Andrea Mae Villanueva', basicSalary=52670.0, riceSubsidy=1500.0, phoneAllowance=1000.0, clothingAllowance=1000.0}
Employee{employeeId=10007, lastName='San Jose', firstName='Brad', birthdate=1996-03-15, street='99 Strosin Hills', barangay='Poblacion', city='Bislig', province='Tawi-Tawi', zip='5340', phoneNumber='68-797009261', sssNumber='40-2400714-1', tinNumber='210850209964', philhealthNumber='239192926939', pagibigNumber='672-474-690-000', status='Regular', position='HR Team Leader', immediateSupervisor='Brad San Jose', basicSalary=42975.0, riceSubsidy=1500.0, phoneAllowance=800.0, clothingAllowance=800.0}
Employee{employeeId=10008, lastName='Romualdez', firstName='Alice', birthdate=1992-05-14, street='12A/33 Upton Isle Apt. 420', barangay='Poblacion', city='Roxas City', province='Surigao del Norte', zip='1814', phoneNumber='86-983606799', sssNumber='55-4476527-2', tinNumber='211385556888', philhealthNumber='545652640232', pagibigNumber='888-572-294-000', status='Regular', position='HR Rank and File', immediateSupervisor='Brad San Jose', basicSalary=22500.0, riceSubsidy=1500.0, phoneAllowance=500.0, clothingAllowance=500.0}
Employee{employeeId=10009, lastName='Atienza', firstName='Rosie', birthdate=1948-09-24, street='90A Dibbert Terrace Apt. 190', barangay='Poblacion', city='San Lorenzo', province='Davao del Norte', zip='6056', phoneNumber='84-266036427', sssNumber='41-0644692-3', tinNumber='260107732354', philhealthNumber='708988234853', pagibigNumber='604-997-793-000', status='Regular', position='HR Rank and File', immediateSupervisor='Bianca Sofia Aquino', basicSalary=22500.0, riceSubsidy=1500.0, phoneAllowance=500.0, clothingAllowance=500.0}
Employee{employeeId=10010, lastName='Alvaro', firstName='Roderick', birthdate=1988-03-30, street='#284 T. Morato corner, Scout Rallos Street', barangay='Poblacion', city='Quezon City', province='Metro Manila', zip='1103', phoneNumber='2-53381386', sssNumber='64-7605054-4', tinNumber='799254095212', philhealthNumber='578114853194', pagibigNumber='525-420-419-000', status='Regular', position='Accounting Head', immediateSupervisor='Roderick Alvaro', basicSalary=52670.0, riceSubsidy=1500.0, phoneAllowance=1000.0, clothingAllowance=1000.0}
Employee{employeeId=10011, lastName='Salcedo', firstName='Anthony', birthdate=1993-09-14, street='93/54 Shanahan Alley Apt. 183', barangay='Poblacion', city='Santo Tomas', province='Masbate', zip='1572', phoneNumber='56-70766300', sssNumber='26-9647608-3', tinNumber='218002473454', philhealthNumber='126445315651', pagibigNumber='210-805-911-000', status='Regular', position='Payroll Manager', immediateSupervisor='Anthony Salcedo', basicSalary=50825.0, riceSubsidy=1500.0, phoneAllowance=1000.0, clothingAllowance=1000.0}
Employee{employeeId=10012, lastName='Lopez', firstName='Josie', birthdate=1987-01-14, street='49 Springs Apt. 266', barangay='Poblacion', city='Taguig', province='Occidental Mindoro', zip='3200', phoneNumber='43-478355427', sssNumber='44-8563448-3', tinNumber='113071293354', philhealthNumber='431709011012', pagibigNumber='218-489-737-000', status='Regular', position='Payroll Team Leader', immediateSupervisor='Anthony Salcedo', basicSalary=38475.0, riceSubsidy=1500.0, phoneAllowance=800.0, clothingAllowance=800.0}
Employee{employeeId=10013, lastName='Farala', firstName='Martha', birthdate=1942-01-11, street='42/25 Sawayn Stream', barangay='Poblacion', city='Ubay', province='Zamboanga del Norte', zip='1208', phoneNumber='65-329034366', sssNumber='45-5656375-0', tinNumber='631130283546', philhealthNumber='233693897247', pagibigNumber='210-835-851-000', status='Regular', position='Payroll Rank and File', immediateSupervisor='Anthony Salcedo', basicSalary=24000.0, riceSubsidy=1500.0, phoneAllowance=500.0, clothingAllowance=500.0}
Employee{employeeId=10014, lastName='Martinez', firstName='Leila', birthdate=1970-07-11, street='37/46 Kulas Roads', barangay='Poblacion', city='Maragondon', province='Quirino', zip='962', phoneNumber='78-877110749', sssNumber='27-2090996-4', tinNumber='101205445886', philhealthNumber='515741057496', pagibigNumber='275-792-513-000', status='Regular', position='Payroll Rank and File', immediateSupervisor='Antonio Lim', basicSalary=24000.0, riceSubsidy=1500.0, phoneAllowance=500.0, clothingAllowance=500.0}
Employee{employeeId=10015, lastName='Romualdez', firstName='Fredrick', birthdate=1985-03-10, street='22A/52 Lubowitz Meadows', barangay='Poblacion', city='Pililla', province='Zambales', zip='4895', phoneNumber='47-23079009', sssNumber='26-8768374-1', tinNumber='223057707853', philhealthNumber='308366860059', pagibigNumber='598-065-761-000', status='Regular', position='Account Manager', immediateSupervisor='Fredrick Romualdez', basicSalary=53500.0, riceSubsidy=1500.0, phoneAllowance=1000.0, clothingAllowance=1000.0}
Employee{employeeId=10016, lastName='Mata', firstName='Christian', birthdate=1987-10-21, street='90 O'Keefe Spur Apt. 379', barangay='Poblacion', city='Catigbian', province='Sulu', zip='2772', phoneNumber='68-783776744', sssNumber='49-2959312-6', tinNumber='631052853464', philhealthNumber='824187961962', pagibigNumber='103-100-522-000', status='Regular', position='Account Team Leader', immediateSupervisor='Fredrick Romualdez', basicSalary=42975.0, riceSubsidy=1500.0, phoneAllowance=800.0, clothingAllowance=800.0}
Employee{employeeId=10017, lastName='De Leon', firstName='Selena', birthdate=1975-02-20, street='40 Gusikowski Shoals', barangay='Poblacion', city='General Santos City', province='Bukidnon', zip='9620', phoneNumber='64-975432139', sssNumber='27-2090208-8', tinNumber='719007608464', philhealthNumber='587272469938', pagibigNumber='482-259-498-000', status='Regular', position='Account Team Leader', immediateSupervisor='Christian Mata', basicSalary=41850.0, riceSubsidy=1500.0, phoneAllowance=800.0, clothingAllowance=800.0}
Employee{employeeId=10018, lastName='San Jose', firstName='Allison', birthdate=1986-06-24, street='08 Grant Drive Suite 406', barangay='Poblacion', city='Iloilo City', province='La Union', zip='9186', phoneNumber='72-179075129', sssNumber='45-3251383-0', tinNumber='114901859343', philhealthNumber='745148459521', pagibigNumber='121-203-336-000', status='Regular', position='Account Rank and File', immediateSupervisor='Christian Mata', basicSalary=22500.0, riceSubsidy=1500.0, phoneAllowance=500.0, clothingAllowance=500.0}
Employee{employeeId=10019, lastName='Rosario', firstName='Cydney', birthdate=1996-10-06, street='93A/21 Berge Points', barangay='Poblacion', city='Tapaz', province='Quezon', zip='2180', phoneNumber='42-868819912', sssNumber='49-1629900-2', tinNumber='265104358643', philhealthNumber='579253435499', pagibigNumber='122-244-511-000', status='Regular', position='Account Rank and File', immediateSupervisor='Christian Mata', basicSalary=22500.0, riceSubsidy=1500.0, phoneAllowance=500.0, clothingAllowance=500.0}
Employee{employeeId=10020, lastName='Bautista', firstName='Mark', birthdate=1991-02-12, street='65 Murphy Center Suite 094', barangay='Poblacion', city='Palayan', province='Quirino', zip='5636', phoneNumber='78-683725348', sssNumber='49-1647342-5', tinNumber='260054585575', philhealthNumber='399665157135', pagibigNumber='273-970-941-000', status='Regular', position='Account Rank and File', immediateSupervisor='Christian Mata', basicSalary=23250.0, riceSubsidy=1500.0, phoneAllowance=500.0, clothingAllowance=500.0}
Employee{employeeId=10021, lastName='Lazaro', firstName='Darlene', birthdate=1985-11-25, street='47A/94 Larkin Plaza Apt. 179', barangay='Poblacion', city='Caloocan', province='Quirino', zip='2751', phoneNumber='78-740721558', sssNumber='45-5617168-2', tinNumber='104907708845', philhealthNumber='606386917510', pagibigNumber='354-650-951-000', status='Probationary', position='Account Rank and File', immediateSupervisor='Christian Mata', basicSalary=23250.0, riceSubsidy=1500.0, phoneAllowance=500.0, clothingAllowance=500.0}
Employee{employeeId=10022, lastName='Delos Santos', firstName='Kolby', birthdate=1980-02-26, street='06A Gulgowski Extensions', barangay='Poblacion', city='Bongabon', province='Zamboanga del Sur', zip='6085', phoneNumber='62-739443033', sssNumber='52-0109570-6', tinNumber='113017988667', philhealthNumber='357451271274', pagibigNumber='187-500-345-000', status='Probationary', position='Account Rank and File', immediateSupervisor='Christian Mata', basicSalary=24000.0, riceSubsidy=1500.0, phoneAllowance=500.0, clothingAllowance=500.0}
Employee{employeeId=10023, lastName='Santos', firstName='Vella', birthdate=1983-12-31, street='99A Padberg Spring', barangay='Poblacion', city='Mabalacat', province='Lanao del Sur', zip='3959', phoneNumber='63-955879269', sssNumber='52-9883524-3', tinNumber='360028104576', philhealthNumber='548670482885', pagibigNumber='101-558-994-000', status='Probationary', position='Account Rank and File', immediateSupervisor='Christian Mata', basicSalary=22500.0, riceSubsidy=1500.0, phoneAllowance=500.0, clothingAllowance=500.0}
Employee{employeeId=10024, lastName='Del Rosario', firstName='Tomas', birthdate=1978-12-18, street='80A/48 Ledner Ridges', barangay='Poblacion', city='Kabankalan', province='Marinduque', zip='8870', phoneNumber='42-882550989', sssNumber='45-5866331-6', tinNumber='913108649964', philhealthNumber='953901539995', pagibigNumber='560-735-732-000', status='Probationary', position='Account Rank and File', immediateSupervisor='Christian Mata', basicSalary=22500.0, riceSubsidy=1500.0, phoneAllowance=500.0, clothingAllowance=500.0}
Employee{employeeId=10025, lastName='Tolentino', firstName='Jacklyn', birthdate=1984-05-19, street='96/48 Watsica Flats Suite 734', barangay='Poblacion', city='Malolos', province='Ifugao', zip='1844', phoneNumber='74-675757366', sssNumber='47-1692793-0', tinNumber='210546661243', philhealthNumber='753800654114', pagibigNumber='841-177-857-000', status='Probationary', position='Account Rank and File', immediateSupervisor='Selena De Leon', basicSalary=24000.0, riceSubsidy=1500.0, phoneAllowance=500.0, clothingAllowance=500.0}
Employee{employeeId=10026, lastName='Gutierrez', firstName='Percival', birthdate=1970-12-18, street='58A Wilderman Walks', barangay='Poblacion', city='Digos', province='Davao del Sur', zip='5822', phoneNumber='82-512899876', sssNumber='40-9504657-8', tinNumber='210897095686', philhealthNumber='797639382265', pagibigNumber='502-995-671-000', status='Probationary', position='Account Rank and File', immediateSupervisor='Selena De Leon', basicSalary=24750.0, riceSubsidy=1500.0, phoneAllowance=500.0, clothingAllowance=500.0}
Employee{employeeId=10027, lastName='Manalaysay', firstName='Garfield', birthdate=1986-08-28, street='60 Goyette Valley Suite 219', barangay='Poblacion', city='Tabuk', province='Lanao del Sur', zip='3159', phoneNumber='63-948628136', sssNumber='45-3298166-4', tinNumber='211274476563', philhealthNumber='810909286264', pagibigNumber='336-676-445-000', status='Probationary', position='Account Rank and File', immediateSupervisor='Selena De Leon', basicSalary=24750.0, riceSubsidy=1500.0, phoneAllowance=500.0, clothingAllowance=500.0}
Employee{employeeId=10028, lastName='Villegas', firstName='Lizeth', birthdate=1981-12-12, street='66/77 Mann Views', barangay='Poblacion', city='Luisiana', province='Dinagat Islands', zip='1263', phoneNumber='86-332372215', sssNumber='40-2400719-4', tinNumber='122238077997', philhealthNumber='934389652994', pagibigNumber='210-395-397-000', status='Probationary', position='Account Rank and File', immediateSupervisor='Selena De Leon', basicSalary=24000.0, riceSubsidy=1500.0, phoneAllowance=500.0, clothingAllowance=500.0}
Employee{employeeId=10029, lastName='Ramos', firstName='Carol', birthdate=1978-08-20, street='72/70 Stamm Spurs', barangay='Poblacion', city='Bustos', province='Iloilo', zip='4550', phoneNumber='33-250700389', sssNumber='60-1152206-4', tinNumber='212141893454', philhealthNumber='351830469744', pagibigNumber='395-032-717-000', status='Probationary', position='Account Rank and File', immediateSupervisor='Selena De Leon', basicSalary=22500.0, riceSubsidy=1500.0, phoneAllowance=500.0, clothingAllowance=500.0}
Employee{employeeId=10030, lastName='Maceda', firstName='Emelia', birthdate=1973-04-14, street='50A/83 Bahringer Oval Suite 145', barangay='Poblacion', city='Kiamba', province='Nueva Ecija', zip='7688', phoneNumber='44-973358041', sssNumber='54-1331005-0', tinNumber='515012579765', philhealthNumber='465087894112', pagibigNumber='215-973-013-000', status='Probationary', position='Account Rank and File', immediateSupervisor='Selena De Leon', basicSalary=22500.0, riceSubsidy=1500.0, phoneAllowance=500.0, clothingAllowance=500.0}
Employee{employeeId=10031, lastName='Aguilar', firstName='Delia', birthdate=1989-01-27, street='95 Cremin Junction', barangay='Poblacion', city='Surallah', province='Cotabato', zip='2809', phoneNumber='64-529705439', sssNumber='52-1859253-1', tinNumber='110018813465', philhealthNumber='136451303068', pagibigNumber='599-312-588-000', status='Probationary', position='Account Rank and File', immediateSupervisor='Selena De Leon', basicSalary=22500.0, riceSubsidy=1500.0, phoneAllowance=500.0, clothingAllowance=500.0}
Employee{employeeId=10032, lastName='Castro', firstName='John Rafael', birthdate=1992-02-09, street='Hi-way', barangay='Yati', city='Liloan', province='Cebu', zip='6006', phoneNumber='32-332424955', sssNumber='26-7145133-4', tinNumber='697764000000', philhealthNumber='601644902402', pagibigNumber='404-768-309-000', status='Regular', position='Sales & Marketing', immediateSupervisor='Isabella Reyes', basicSalary=52670.0, riceSubsidy=1500.0, phoneAllowance=1000.0, clothingAllowance=1000.0}
Employee{employeeId=10033, lastName='Martinez', firstName='Carlos Ian', birthdate=1990-11-16, street='Bulala', barangay='Bulala', city='Camalaniugan', province='Cagayan', zip='3508', phoneNumber='78-78854208', sssNumber='11-5062972-7', tinNumber='993372963726', philhealthNumber='380685387212', pagibigNumber='256-436-296-000', status='Regular', position='Supply Chain and Logistics', immediateSupervisor='Isabella Reyes', basicSalary=52670.0, riceSubsidy=1500.0, phoneAllowance=1000.0, clothingAllowance=1000.0}
Employee{employeeId=10034, lastName='Santos', firstName='Beatriz', birthdate=1990-08-07, street='Agapita Building', barangay='Poblacion', city='Manila', province='Metro Manila', zip='1000', phoneNumber='2-526639511', sssNumber='20-2987501-5', tinNumber='874042259378', philhealthNumber='918460050077', pagibigNumber='911-529-713-000', status='Regular', position='Customer Service and Relations', immediateSupervisor='Isabella Reyes', basicSalary=52670.0, riceSubsidy=1500.0, phoneAllowance=1000.0, clothingAllowance=1000.0}
Printed all employees.
]]></system-out>
  </testcase>
  <testcase name="testCase12_AddEmployeeWithInvalidDate" classname="EmployeeServiceTest" time="0.02">
    <system-out><![CDATA[== CASE 12: Add Employee With Invalid Date ==
Expected exception for invalid date: Unparseable date: "not-a-date"
]]></system-out>
  </testcase>
  <testcase name="testCase09_UpdateNonExistentEmployee" classname="EmployeeServiceTest" time="0.043">
    <system-out><![CDATA[== CASE 9 : Update Non-Existent Employee ==
Update attempt finished (should fail gracefully).
]]></system-out>
  </testcase>
  <testcase name="testCase01_AddNewEmployee" classname="EmployeeServiceTest" time="0.077">
    <system-out><![CDATA[== CASE 1: Add New Employee ==
Employee added.
Retrieved Employee: Employee{employeeId=10036, lastName='Doe', firstName='Jane', birthdate=1990-01-01, street='123 Main St', barangay='Barangay Uno', city='Makati', province='Metro Manila', zip='1200', phoneNumber='0-9171234', sssNumber='612345676', tinNumber='3211234567', philhealthNumber='6411234567', pagibigNumber='332234567', status='Regular', position='Account Rank and File', immediateSupervisor='null', basicSalary=30000.0, riceSubsidy=2000.0, phoneAllowance=1000.0, clothingAllowance=500.0}
]]></system-out>
  </testcase>
  <testcase name="testCase08_AddMissingRequiredFields" classname="EmployeeServiceTest" time="0.022">
    <system-out><![CDATA[== CASE 8: Add Employee With Missing Required Fields ==
Expected exception caught: Status must not be empty.
]]></system-out>
  </testcase>
  <testcase name="testCase13_ListWhenNoneExist" classname="EmployeeServiceTest" time="0.036">
    <system-out><![CDATA[== CASE 13: List All Employees When None Exist ==
Employee count: 35
]]></system-out>
  </testcase>
  <testcase name="testCase02_RetrieveEmployeeById" classname="EmployeeServiceTest" time="0.038">
    <system-out><![CDATA[== CASE 2: Retrieve Employee By ID ==
Employee found: Employee{employeeId=10001, lastName='Garcia', firstName='Manuel III', birthdate=1983-10-11, street='Valero Carpark Building Valero Street', barangay='Bel-Air', city='Makati City', province='Metro Manila', zip='1227', phoneNumber='2-966860270', sssNumber='44-4506057-3', tinNumber='691295330870', philhealthNumber='820126853951', pagibigNumber='442-605-657-000', status='Regular', position='Chief Executive Officer', immediateSupervisor='null', basicSalary=90000.0, riceSubsidy=1500.0, phoneAllowance=2000.0, clothingAllowance=1000.0}
]]></system-out>
  </testcase>
  <testcase name="testCase07_RetrieveNonExistentID" classname="EmployeeServiceTest" time="0.043">
    <system-out><![CDATA[== CASE 7: Retrieve Non-Existent Employee ID ==
Result: null
]]></system-out>
  </testcase>
  <testcase name="testCase06_DateUtility" classname="EmployeeServiceTest" time="0.05">
    <system-out><![CDATA[== CASE 6: Date Utility ==
Parsed dates: Wed Dec 25 00:00:00 PST 2024, Wed Dec 25 00:00:00 PST 2024
Formatted: 12/25/2024, 12/25/2024
]]></system-out>
  </testcase>
  <testcase name="testCase16_SpecialCharacterHandling" classname="EmployeeServiceTest" time="0.082">
    <system-out><![CDATA[== CASE 16: Special Character Handling ==
Found employee: Nguyễn Văn A, O'Neil
]]></system-out>
  </testcase>
  <testcase name="testCase03_UpdateEmployee" classname="EmployeeServiceTest" time="0.062">
    <system-out><![CDATA[== CASE 3: Update Employee ==
Employee updated.
Retrieved after update: Employee{employeeId=10001, lastName='UpdatedGarcia', firstName='Manuel III', birthdate=1983-10-11, street='Valero Carpark Building Valero Street', barangay='Bel-Air', city='Makati City', province='Metro Manila', zip='1227', phoneNumber='2-966860270', sssNumber='44-4506057-3', tinNumber='691295330870', philhealthNumber='820126853951', pagibigNumber='442-605-657-000', status='Regular', position='Chief Executive Officer', immediateSupervisor='null', basicSalary=90000.0, riceSubsidy=1500.0, phoneAllowance=2000.0, clothingAllowance=1000.0}
]]></system-out>
  </testcase>
  <testcase name="testCase05_GetAllEmployees" classname="EmployeeServiceTest" time="0.049">
    <system-out><![CDATA[== CASE 5: Get All Employees ==
Employees found: 36
Employee{employeeId=10001, lastName='UpdatedGarcia', firstName='Manuel III', birthdate=1983-10-11, street='Valero Carpark Building Valero Street', barangay='Bel-Air', city='Makati City', province='Metro Manila', zip='1227', phoneNumber='2-966860270', sssNumber='44-4506057-3', tinNumber='691295330870', philhealthNumber='820126853951', pagibigNumber='442-605-657-000', status='Regular', position='Chief Executive Officer', immediateSupervisor='null', basicSalary=90000.0, riceSubsidy=1500.0, phoneAllowance=2000.0, clothingAllowance=1000.0}
Employee{employeeId=10002, lastName='Lim', firstName='Antonio', birthdate=1988-06-19, street='San Antonio De Padua 2, Block 1 Lot 8 and 2', barangay='Poblacion', city='Dasmariñas', province='Cavite', zip='4114', phoneNumber='46-171867411', sssNumber='52-2061274-9', tinNumber='663904995411', philhealthNumber='331735646338', pagibigNumber='683-102-776-000', status='Regular', position='Chief Operating Officer', immediateSupervisor='Manuel III UpdatedGarcia', basicSalary=60000.0, riceSubsidy=1500.0, phoneAllowance=2000.0, clothingAllowance=1000.0}
Employee{employeeId=10003, lastName='Aquino', firstName='Bianca Sofia', birthdate=1989-08-04, street='Rm. 402 4/F Jiao Building Timog Avenue Cor. Quezon Avenue', barangay='Poblacion', city='Quezon City', province='Metro Manila', zip='1100', phoneNumber='2-966889370', sssNumber='30-8870406-2', tinNumber='171519773969', philhealthNumber='177451189665', pagibigNumber='971-711-280-000', status='Regular', position='Chief Finance Officer', immediateSupervisor='Manuel III UpdatedGarcia', basicSalary=60000.0, riceSubsidy=1500.0, phoneAllowance=2000.0, clothingAllowance=1000.0}
Employee{employeeId=10004, lastName='Reyes', firstName='Isabella', birthdate=1994-06-16, street='460 Solanda Street', barangay='Intramuros', city='Manila', province='Metro Manila', zip='1000', phoneNumber='2-786868477', sssNumber='40-2511815-0', tinNumber='416946776041', philhealthNumber='341911411254', pagibigNumber='876-809-437-000', status='Regular', position='Chief Marketing Officer', immediateSupervisor='Antonio Lim', basicSalary=60000.0, riceSubsidy=1500.0, phoneAllowance=2000.0, clothingAllowance=1000.0}
Employee{employeeId=10005, lastName='Hernandez', firstName='Eduard', birthdate=1989-09-23, street='National Highway', barangay='Poblacion', city='Gingoog', province='Misamis Occidental', zip='9004', phoneNumber='88-88861012', sssNumber='50-5577638-1', tinNumber='952347222457', philhealthNumber='957436191812', pagibigNumber='031-702-374-000', status='Regular', position='IT Operations and Systems', immediateSupervisor='Antonio Lim', basicSalary=52670.0, riceSubsidy=1500.0, phoneAllowance=1000.0, clothingAllowance=1000.0}
Employee{employeeId=10006, lastName='Villanueva', firstName='Andrea Mae', birthdate=1988-02-14, street='17/85 Stracke Via Suite 042', barangay='Poblacion', city='Las Piñas', province='Dinagat Islands', zip='4783', phoneNumber='86-918621603', sssNumber='49-1632020-8', tinNumber='441093369646', philhealthNumber='382189453145', pagibigNumber='317-674-022-000', status='Regular', position='HR Manager', immediateSupervisor='Andrea Mae Villanueva', basicSalary=52670.0, riceSubsidy=1500.0, phoneAllowance=1000.0, clothingAllowance=1000.0}
Employee{employeeId=10007, lastName='San Jose', firstName='Brad', birthdate=1996-03-15, street='99 Strosin Hills', barangay='Poblacion', city='Bislig', province='Tawi-Tawi', zip='5340', phoneNumber='68-797009261', sssNumber='40-2400714-1', tinNumber='210850209964', philhealthNumber='239192926939', pagibigNumber='672-474-690-000', status='Regular', position='HR Team Leader', immediateSupervisor='Brad San Jose', basicSalary=42975.0, riceSubsidy=1500.0, phoneAllowance=800.0, clothingAllowance=800.0}
Employee{employeeId=10008, lastName='Romualdez', firstName='Alice', birthdate=1992-05-14, street='12A/33 Upton Isle Apt. 420', barangay='Poblacion', city='Roxas City', province='Surigao del Norte', zip='1814', phoneNumber='86-983606799', sssNumber='55-4476527-2', tinNumber='211385556888', philhealthNumber='545652640232', pagibigNumber='888-572-294-000', status='Regular', position='HR Rank and File', immediateSupervisor='Brad San Jose', basicSalary=22500.0, riceSubsidy=1500.0, phoneAllowance=500.0, clothingAllowance=500.0}
Employee{employeeId=10009, lastName='Atienza', firstName='Rosie', birthdate=1948-09-24, street='90A Dibbert Terrace Apt. 190', barangay='Poblacion', city='San Lorenzo', province='Davao del Norte', zip='6056', phoneNumber='84-266036427', sssNumber='41-0644692-3', tinNumber='260107732354', philhealthNumber='708988234853', pagibigNumber='604-997-793-000', status='Regular', position='HR Rank and File', immediateSupervisor='Bianca Sofia Aquino', basicSalary=22500.0, riceSubsidy=1500.0, phoneAllowance=500.0, clothingAllowance=500.0}
Employee{employeeId=10010, lastName='Alvaro', firstName='Roderick', birthdate=1988-03-30, street='#284 T. Morato corner, Scout Rallos Street', barangay='Poblacion', city='Quezon City', province='Metro Manila', zip='1103', phoneNumber='2-53381386', sssNumber='64-7605054-4', tinNumber='799254095212', philhealthNumber='578114853194', pagibigNumber='525-420-419-000', status='Regular', position='Accounting Head', immediateSupervisor='Roderick Alvaro', basicSalary=52670.0, riceSubsidy=1500.0, phoneAllowance=1000.0, clothingAllowance=1000.0}
Employee{employeeId=10011, lastName='Salcedo', firstName='Anthony', birthdate=1993-09-14, street='93/54 Shanahan Alley Apt. 183', barangay='Poblacion', city='Santo Tomas', province='Masbate', zip='1572', phoneNumber='56-70766300', sssNumber='26-9647608-3', tinNumber='218002473454', philhealthNumber='126445315651', pagibigNumber='210-805-911-000', status='Regular', position='Payroll Manager', immediateSupervisor='Anthony Salcedo', basicSalary=50825.0, riceSubsidy=1500.0, phoneAllowance=1000.0, clothingAllowance=1000.0}
Employee{employeeId=10012, lastName='Lopez', firstName='Josie', birthdate=1987-01-14, street='49 Springs Apt. 266', barangay='Poblacion', city='Taguig', province='Occidental Mindoro', zip='3200', phoneNumber='43-478355427', sssNumber='44-8563448-3', tinNumber='113071293354', philhealthNumber='431709011012', pagibigNumber='218-489-737-000', status='Regular', position='Payroll Team Leader', immediateSupervisor='Anthony Salcedo', basicSalary=38475.0, riceSubsidy=1500.0, phoneAllowance=800.0, clothingAllowance=800.0}
Employee{employeeId=10013, lastName='Farala', firstName='Martha', birthdate=1942-01-11, street='42/25 Sawayn Stream', barangay='Poblacion', city='Ubay', province='Zamboanga del Norte', zip='1208', phoneNumber='65-329034366', sssNumber='45-5656375-0', tinNumber='631130283546', philhealthNumber='233693897247', pagibigNumber='210-835-851-000', status='Regular', position='Payroll Rank and File', immediateSupervisor='Anthony Salcedo', basicSalary=24000.0, riceSubsidy=1500.0, phoneAllowance=500.0, clothingAllowance=500.0}
Employee{employeeId=10014, lastName='Martinez', firstName='Leila', birthdate=1970-07-11, street='37/46 Kulas Roads', barangay='Poblacion', city='Maragondon', province='Quirino', zip='962', phoneNumber='78-877110749', sssNumber='27-2090996-4', tinNumber='101205445886', philhealthNumber='515741057496', pagibigNumber='275-792-513-000', status='Regular', position='Payroll Rank and File', immediateSupervisor='Antonio Lim', basicSalary=24000.0, riceSubsidy=1500.0, phoneAllowance=500.0, clothingAllowance=500.0}
Employee{employeeId=10015, lastName='Romualdez', firstName='Fredrick', birthdate=1985-03-10, street='22A/52 Lubowitz Meadows', barangay='Poblacion', city='Pililla', province='Zambales', zip='4895', phoneNumber='47-23079009', sssNumber='26-8768374-1', tinNumber='223057707853', philhealthNumber='308366860059', pagibigNumber='598-065-761-000', status='Regular', position='Account Manager', immediateSupervisor='Fredrick Romualdez', basicSalary=53500.0, riceSubsidy=1500.0, phoneAllowance=1000.0, clothingAllowance=1000.0}
Employee{employeeId=10016, lastName='Mata', firstName='Christian', birthdate=1987-10-21, street='90 O'Keefe Spur Apt. 379', barangay='Poblacion', city='Catigbian', province='Sulu', zip='2772', phoneNumber='68-783776744', sssNumber='49-2959312-6', tinNumber='631052853464', philhealthNumber='824187961962', pagibigNumber='103-100-522-000', status='Regular', position='Account Team Leader', immediateSupervisor='Fredrick Romualdez', basicSalary=42975.0, riceSubsidy=1500.0, phoneAllowance=800.0, clothingAllowance=800.0}
Employee{employeeId=10017, lastName='De Leon', firstName='Selena', birthdate=1975-02-20, street='40 Gusikowski Shoals', barangay='Poblacion', city='General Santos City', province='Bukidnon', zip='9620', phoneNumber='64-975432139', sssNumber='27-2090208-8', tinNumber='719007608464', philhealthNumber='587272469938', pagibigNumber='482-259-498-000', status='Regular', position='Account Team Leader', immediateSupervisor='Christian Mata', basicSalary=41850.0, riceSubsidy=1500.0, phoneAllowance=800.0, clothingAllowance=800.0}
Employee{employeeId=10018, lastName='San Jose', firstName='Allison', birthdate=1986-06-24, street='08 Grant Drive Suite 406', barangay='Poblacion', city='Iloilo City', province='La Union', zip='9186', phoneNumber='72-179075129', sssNumber='45-3251383-0', tinNumber='114901859343', philhealthNumber='745148459521', pagibigNumber='121-203-336-000', status='Regular', position='Account Rank and File', immediateSupervisor='Christian Mata', basicSalary=22500.0, riceSubsidy=1500.0, phoneAllowance=500.0, clothingAllowance=500.0}
Employee{employeeId=10019, lastName='Rosario', firstName='Cydney', birthdate=1996-10-06, street='93A/21 Berge Points', barangay='Poblacion', city='Tapaz', province='Quezon', zip='2180', phoneNumber='42-868819912', sssNumber='49-1629900-2', tinNumber='265104358643', philhealthNumber='579253435499', pagibigNumber='122-244-511-000', status='Regular', position='Account Rank and File', immediateSupervisor='Christian Mata', basicSalary=22500.0, riceSubsidy=1500.0, phoneAllowance=500.0, clothingAllowance=500.0}
Employee{employeeId=10020, lastName='Bautista', firstName='Mark', birthdate=1991-02-12, street='65 Murphy Center Suite 094', barangay='Poblacion', city='Palayan', province='Quirino', zip='5636', phoneNumber='78-683725348', sssNumber='49-1647342-5', tinNumber='260054585575', philhealthNumber='399665157135', pagibigNumber='273-970-941-000', status='Regular', position='Account Rank and File', immediateSupervisor='Christian Mata', basicSalary=23250.0, riceSubsidy=1500.0, phoneAllowance=500.0, clothingAllowance=500.0}
Employee{employeeId=10021, lastName='Lazaro', firstName='Darlene', birthdate=1985-11-25, street='47A/94 Larkin Plaza Apt. 179', barangay='Poblacion', city='Caloocan', province='Quirino', zip='2751', phoneNumber='78-740721558', sssNumber='45-5617168-2', tinNumber='104907708845', philhealthNumber='606386917510', pagibigNumber='354-650-951-000', status='Probationary', position='Account Rank and File', immediateSupervisor='Christian Mata', basicSalary=23250.0, riceSubsidy=1500.0, phoneAllowance=500.0, clothingAllowance=500.0}
Employee{employeeId=10022, lastName='Delos Santos', firstName='Kolby', birthdate=1980-02-26, street='06A Gulgowski Extensions', barangay='Poblacion', city='Bongabon', province='Zamboanga del Sur', zip='6085', phoneNumber='62-739443033', sssNumber='52-0109570-6', tinNumber='113017988667', philhealthNumber='357451271274', pagibigNumber='187-500-345-000', status='Probationary', position='Account Rank and File', immediateSupervisor='Christian Mata', basicSalary=24000.0, riceSubsidy=1500.0, phoneAllowance=500.0, clothingAllowance=500.0}
Employee{employeeId=10023, lastName='Santos', firstName='Vella', birthdate=1983-12-31, street='99A Padberg Spring', barangay='Poblacion', city='Mabalacat', province='Lanao del Sur', zip='3959', phoneNumber='63-955879269', sssNumber='52-9883524-3', tinNumber='360028104576', philhealthNumber='548670482885', pagibigNumber='101-558-994-000', status='Probationary', position='Account Rank and File', immediateSupervisor='Christian Mata', basicSalary=22500.0, riceSubsidy=1500.0, phoneAllowance=500.0, clothingAllowance=500.0}
Employee{employeeId=10024, lastName='Del Rosario', firstName='Tomas', birthdate=1978-12-18, street='80A/48 Ledner Ridges', barangay='Poblacion', city='Kabankalan', province='Marinduque', zip='8870', phoneNumber='42-882550989', sssNumber='45-5866331-6', tinNumber='913108649964', philhealthNumber='953901539995', pagibigNumber='560-735-732-000', status='Probationary', position='Account Rank and File', immediateSupervisor='Christian Mata', basicSalary=22500.0, riceSubsidy=1500.0, phoneAllowance=500.0, clothingAllowance=500.0}
Employee{employeeId=10025, lastName='Tolentino', firstName='Jacklyn', birthdate=1984-05-19, street='96/48 Watsica Flats Suite 734', barangay='Poblacion', city='Malolos', province='Ifugao', zip='1844', phoneNumber='74-675757366', sssNumber='47-1692793-0', tinNumber='210546661243', philhealthNumber='753800654114', pagibigNumber='841-177-857-000', status='Probationary', position='Account Rank and File', immediateSupervisor='Selena De Leon', basicSalary=24000.0, riceSubsidy=1500.0, phoneAllowance=500.0, clothingAllowance=500.0}
Employee{employeeId=10026, lastName='Gutierrez', firstName='Percival', birthdate=1970-12-18, street='58A Wilderman Walks', barangay='Poblacion', city='Digos', province='Davao del Sur', zip='5822', phoneNumber='82-512899876', sssNumber='40-9504657-8', tinNumber='210897095686', philhealthNumber='797639382265', pagibigNumber='502-995-671-000', status='Probationary', position='Account Rank and File', immediateSupervisor='Selena De Leon', basicSalary=24750.0, riceSubsidy=1500.0, phoneAllowance=500.0, clothingAllowance=500.0}
Employee{employeeId=10027, lastName='Manalaysay', firstName='Garfield', birthdate=1986-08-28, street='60 Goyette Valley Suite 219', barangay='Poblacion', city='Tabuk', province='Lanao del Sur', zip='3159', phoneNumber='63-948628136', sssNumber='45-3298166-4', tinNumber='211274476563', philhealthNumber='810909286264', pagibigNumber='336-676-445-000', status='Probationary', position='Account Rank and File', immediateSupervisor='Selena De Leon', basicSalary=24750.0, riceSubsidy=1500.0, phoneAllowance=500.0, clothingAllowance=500.0}
Employee{employeeId=10028, lastName='Villegas', firstName='Lizeth', birthdate=1981-12-12, street='66/77 Mann Views', barangay='Poblacion', city='Luisiana', province='Dinagat Islands', zip='1263', phoneNumber='86-332372215', sssNumber='40-2400719-4', tinNumber='122238077997', philhealthNumber='934389652994', pagibigNumber='210-395-397-000', status='Probationary', position='Account Rank and File', immediateSupervisor='Selena De Leon', basicSalary=24000.0, riceSubsidy=1500.0, phoneAllowance=500.0, clothingAllowance=500.0}
Employee{employeeId=10029, lastName='Ramos', firstName='Carol', birthdate=1978-08-20, street='72/70 Stamm Spurs', barangay='Poblacion', city='Bustos', province='Iloilo', zip='4550', phoneNumber='33-250700389', sssNumber='60-1152206-4', tinNumber='212141893454', philhealthNumber='351830469744', pagibigNumber='395-032-717-000', status='Probationary', position='Account Rank and File', immediateSupervisor='Selena De Leon', basicSalary=22500.0, riceSubsidy=1500.0, phoneAllowance=500.0, clothingAllowance=500.0}
Employee{employeeId=10030, lastName='Maceda', firstName='Emelia', birthdate=1973-04-14, street='50A/83 Bahringer Oval Suite 145', barangay='Poblacion', city='Kiamba', province='Nueva Ecija', zip='7688', phoneNumber='44-973358041', sssNumber='54-1331005-0', tinNumber='515012579765', philhealthNumber='465087894112', pagibigNumber='215-973-013-000', status='Probationary', position='Account Rank and File', immediateSupervisor='Selena De Leon', basicSalary=22500.0, riceSubsidy=1500.0, phoneAllowance=500.0, clothingAllowance=500.0}
Employee{employeeId=10031, lastName='Aguilar', firstName='Delia', birthdate=1989-01-27, street='95 Cremin Junction', barangay='Poblacion', city='Surallah', province='Cotabato', zip='2809', phoneNumber='64-529705439', sssNumber='52-1859253-1', tinNumber='110018813465', philhealthNumber='136451303068', pagibigNumber='599-312-588-000', status='Probationary', position='Account Rank and File', immediateSupervisor='Selena De Leon', basicSalary=22500.0, riceSubsidy=1500.0, phoneAllowance=500.0, clothingAllowance=500.0}
Employee{employeeId=10032, lastName='Castro', firstName='John Rafael', birthdate=1992-02-09, street='Hi-way', barangay='Yati', city='Liloan', province='Cebu', zip='6006', phoneNumber='32-332424955', sssNumber='26-7145133-4', tinNumber='697764000000', philhealthNumber='601644902402', pagibigNumber='404-768-309-000', status='Regular', position='Sales & Marketing', immediateSupervisor='Isabella Reyes', basicSalary=52670.0, riceSubsidy=1500.0, phoneAllowance=1000.0, clothingAllowance=1000.0}
Employee{employeeId=10033, lastName='Martinez', firstName='Carlos Ian', birthdate=1990-11-16, street='Bulala', barangay='Bulala', city='Camalaniugan', province='Cagayan', zip='3508', phoneNumber='78-78854208', sssNumber='11-5062972-7', tinNumber='993372963726', philhealthNumber='380685387212', pagibigNumber='256-436-296-000', status='Regular', position='Supply Chain and Logistics', immediateSupervisor='Isabella Reyes', basicSalary=52670.0, riceSubsidy=1500.0, phoneAllowance=1000.0, clothingAllowance=1000.0}
Employee{employeeId=10034, lastName='Santos', firstName='Beatriz', birthdate=1990-08-07, street='Agapita Building', barangay='Poblacion', city='Manila', province='Metro Manila', zip='1000', phoneNumber='2-526639511', sssNumber='20-2987501-5', tinNumber='874042259378', philhealthNumber='918460050077', pagibigNumber='911-529-713-000', status='Regular', position='Customer Service and Relations', immediateSupervisor='Isabella Reyes', basicSalary=52670.0, riceSubsidy=1500.0, phoneAllowance=1000.0, clothingAllowance=1000.0}
Employee{employeeId=10036, lastName='Doe', firstName='Jane', birthdate=1990-01-01, street='123 Main St', barangay='Barangay Uno', city='Makati', province='Metro Manila', zip='1200', phoneNumber='0-9171234', sssNumber='612345676', tinNumber='3211234567', philhealthNumber='6411234567', pagibigNumber='332234567', status='Regular', position='Account Rank and File', immediateSupervisor='null', basicSalary=30000.0, riceSubsidy=2000.0, phoneAllowance=1000.0, clothingAllowance=500.0}
Employee{employeeId=10037, lastName='Nguyễn Văn A', firstName='O'Neil', birthdate=1990-01-01, street='Emoji St.', barangay='Barangay Smile', city='Emoji City', province='Unicode', zip='1000', phoneNumber='0-456780', sssNumber='1155331', tinNumber='5325', philhealthNumber='553', pagibigNumber='51235', status='Regular', position='Account Rank and File', immediateSupervisor='null', basicSalary=9900.0, riceSubsidy=900.0, phoneAllowance=900.0, clothingAllowance=90.0}
]]></system-out>
  </testcase>
  <testcase name="testCase11_AddExtremeFieldValues" classname="EmployeeServiceTest" time="0.026">
    <system-out><![CDATA[== CASE 11: Add Employee With Extreme Field Values ==
Exception as expected for extreme values: Invalid SSS number.
]]></system-out>
  </testcase>
  <testcase name="testCase10_DeleteNonExistentEmployee" classname="EmployeeServiceTest" time="0.026">
    <system-out><![CDATA[== CASE 10: Delete Non-Existent Employee ==
No exception thrown. Graceful handling.
]]></system-out>
  </testcase>
  <testcase name="testCase04_DeleteEmployee" classname="EmployeeServiceTest" time="0.049">
    <system-out><![CDATA[Employee to delete: Employee{employeeId=10037, lastName='Nguyễn Văn A', firstName='O'Neil', birthdate=1990-01-01, street='Emoji St.', barangay='Barangay Smile', city='Emoji City', province='Unicode', zip='1000', phoneNumber='0-456780', sssNumber='1155331', tinNumber='5325', philhealthNumber='553', pagibigNumber='51235', status='Regular', position='Account Rank and File', immediateSupervisor='null', basicSalary=9900.0, riceSubsidy=900.0, phoneAllowance=900.0, clothingAllowance=90.0}
Employee deleted.
After deletion, found: null
]]></system-out>
  </testcase>
</testsuite>