<?xml version="1.0" encoding="UTF-8"?>
<testsuite xmlns:xsi="http://www.w3.org/2001/XMLSchema-instance" xsi:noNamespaceSchemaLocation="https://maven.apache.org/surefire/maven-surefire-plugin/xsd/surefire-test-report-3.0.xsd" version="3.0" name="PayrollSummaryServiceTest" time="1.07" tests="9" errors="0" skipped="0" failures="0">
  <properties>
    <property name="java.specification.version" value="21"/>
    <property name="sun.cpu.isalist" value="amd64"/>
    <property name="sun.jnu.encoding" value="Cp1252"/>
    <property name="sun.awt.enableExtraMouseButtons" value="true"/>
    <property name="java.class.path" value="C:\Users\danilo\Documents\NetBeansProjects\AOOP_MPH_PayrollSystem_Maven\target\test-classes;C:\Users\danilo\Documents\NetBeansProjects\AOOP_MPH_PayrollSystem_Maven\target\classes;C:\Users\danilo\.m2\repository\org\junit\jupiter\junit-jupiter\5.10.2\junit-jupiter-5.10.2.jar;C:\Users\danilo\.m2\repository\org\junit\jupiter\junit-jupiter-api\5.10.2\junit-jupiter-api-5.10.2.jar;C:\Users\danilo\.m2\repository\org\opentest4j\opentest4j\1.3.0\opentest4j-1.3.0.jar;C:\Users\danilo\.m2\repository\org\junit\platform\junit-platform-commons\1.10.2\junit-platform-commons-1.10.2.jar;C:\Users\danilo\.m2\repository\org\apiguardian\apiguardian-api\1.1.2\apiguardian-api-1.1.2.jar;C:\Users\danilo\.m2\repository\org\junit\jupiter\junit-jupiter-params\5.10.2\junit-jupiter-params-5.10.2.jar;C:\Users\danilo\.m2\repository\org\junit\jupiter\junit-jupiter-engine\5.10.2\junit-jupiter-engine-5.10.2.jar;C:\Users\danilo\.m2\repository\org\junit\platform\junit-platform-engine\1.10.2\junit-platform-engine-1.10.2.jar;C:\Users\danilo\.m2\repository\com\mysql\mysql-connector-j\9.3.0\mysql-connector-j-9.3.0.jar;C:\Users\danilo\.m2\repository\com\google\protobuf\protobuf-java\4.29.0\protobuf-java-4.29.0.jar;C:\Users\danilo\.m2\repository\org\mockito\mockito-core\5.2.0\mockito-core-5.2.0.jar;C:\Users\danilo\.m2\repository\net\bytebuddy\byte-buddy\1.14.1\byte-buddy-1.14.1.jar;C:\Users\danilo\.m2\repository\net\bytebuddy\byte-buddy-agent\1.14.1\byte-buddy-agent-1.14.1.jar;C:\Users\danilo\.m2\repository\org\objenesis\objenesis\3.3\objenesis-3.3.jar;C:\Users\danilo\.m2\repository\com\github\lgooddatepicker\LGoodDatePicker\11.2.1\LGoodDatePicker-11.2.1.jar;C:\Users\danilo\.m2\repository\com\toedter\jcalendar\1.4\jcalendar-1.4.jar;C:\Users\danilo\.m2\repository\org\mindrot\jbcrypt\0.4\jbcrypt-0.4.jar;C:\Users\danilo\.m2\repository\com\opencsv\opencsv\3.8\opencsv-3.8.jar;C:\Users\danilo\.m2\repository\org\apache\commons\commons-lang3\3.4\commons-lang3-3.4.jar;C:\Users\danilo\.m2\repository\commons-beanutils\commons-beanutils\1.9.2\commons-beanutils-1.9.2.jar;C:\Users\danilo\.m2\repository\commons-collections\commons-collections\3.2.1\commons-collections-3.2.1.jar;C:\Users\danilo\.m2\repository\org\netbeans\external\AbsoluteLayout\RELEASE260\AbsoluteLayout-RELEASE260.jar;C:\Users\danilo\.m2\repository\net\sf\jasperreports\jasperreports\7.0.3\jasperreports-7.0.3.jar;C:\Users\danilo\.m2\repository\commons-logging\commons-logging\1.3.0\commons-logging-1.3.0.jar;C:\Users\danilo\.m2\repository\org\apache\commons\commons-collections4\4.4\commons-collections4-4.4.jar;C:\Users\danilo\.m2\repository\com\fasterxml\jackson\core\jackson-core\2.18.2\jackson-core-2.18.2.jar;C:\Users\danilo\.m2\repository\com\fasterxml\jackson\core\jackson-annotations\2.18.2\jackson-annotations-2.18.2.jar;C:\Users\danilo\.m2\repository\com\fasterxml\jackson\core\jackson-databind\2.18.2\jackson-databind-2.18.2.jar;C:\Users\danilo\.m2\repository\org\apache\xmlgraphics\batik-anim\1.18\batik-anim-1.18.jar;C:\Users\danilo\.m2\repository\org\apache\xmlgraphics\batik-ext\1.18\batik-ext-1.18.jar;C:\Users\danilo\.m2\repository\org\apache\xmlgraphics\batik-parser\1.18\batik-parser-1.18.jar;C:\Users\danilo\.m2\repository\org\apache\xmlgraphics\batik-shared-resources\1.18\batik-shared-resources-1.18.jar;C:\Users\danilo\.m2\repository\org\apache\xmlgraphics\batik-bridge\1.18\batik-bridge-1.18.jar;C:\Users\danilo\.m2\repository\org\apache\xmlgraphics\batik-script\1.18\batik-script-1.18.jar;C:\Users\danilo\.m2\repository\org\apache\xmlgraphics\batik-xml\1.18\batik-xml-1.18.jar;C:\Users\danilo\.m2\repository\org\apache\xmlgraphics\xmlgraphics-commons\2.10\xmlgraphics-commons-2.10.jar;C:\Users\danilo\.m2\repository\commons-io\commons-io\2.11.0\commons-io-2.11.0.jar;C:\Users\danilo\.m2\repository\org\apache\xmlgraphics\batik-dom\1.18\batik-dom-1.18.jar;C:\Users\danilo\.m2\repository\org\apache\xmlgraphics\batik-svg-dom\1.18\batik-svg-dom-1.18.jar;C:\Users\danilo\.m2\repository\org\apache\xmlgraphics\batik-awt-util\1.18\batik-awt-util-1.18.jar;C:\Users\danilo\.m2\repository\org\apache\xmlgraphics\batik-gvt\1.18\batik-gvt-1.18.jar;C:\Users\danilo\.m2\repository\org\apache\xmlgraphics\batik-util\1.18\batik-util-1.18.jar;C:\Users\danilo\.m2\repository\org\apache\xmlgraphics\batik-i18n\1.18\batik-i18n-1.18.jar;C:\Users\danilo\.m2\repository\org\apache\xmlgraphics\batik-constants\1.18\batik-constants-1.18.jar;C:\Users\danilo\.m2\repository\org\apache\xmlgraphics\batik-css\1.18\batik-css-1.18.jar;C:\Users\danilo\.m2\repository\xml-apis\xml-apis-ext\1.3.04\xml-apis-ext-1.3.04.jar;C:\Users\danilo\.m2\repository\net\sf\jasperreports\jasperreports-pdf\7.0.3\jasperreports-pdf-7.0.3.jar;C:\Users\danilo\.m2\repository\com\github\librepdf\openpdf\1.3.32\openpdf-1.3.32.jar;C:\Users\danilo\.m2\repository\com\adobe\xmp\xmpcore\6.1.11\xmpcore-6.1.11.jar;C:\Users\danilo\.m2\repository\net\sf\jasperreports\jasperreports-fonts\7.0.3\jasperreports-fonts-7.0.3.jar;C:\Users\danilo\.m2\repository\net\sf\jasperreports\jasperreports-functions\7.0.3\jasperreports-functions-7.0.3.jar;C:\Users\danilo\.m2\repository\org\apache\pdfbox\pdfbox\2.0.27\pdfbox-2.0.27.jar;C:\Users\danilo\.m2\repository\org\apache\pdfbox\fontbox\2.0.27\fontbox-2.0.27.jar;C:\Users\danilo\.m2\repository\com\fasterxml\jackson\dataformat\jackson-dataformat-xml\2.19.1\jackson-dataformat-xml-2.19.1.jar;C:\Users\danilo\.m2\repository\org\codehaus\woodstox\stax2-api\4.2.2\stax2-api-4.2.2.jar;C:\Users\danilo\.m2\repository\com\fasterxml\woodstox\woodstox-core\6.5.0\woodstox-core-6.5.0.jar;"/>
    <property name="java.vm.vendor" value="Oracle Corporation"/>
    <property name="sun.arch.data.model" value="64"/>
    <property name="user.variant" value=""/>
    <property name="java.vendor.url" value="https://java.oracle.com/"/>
    <property name="user.timezone" value="Asia/Manila"/>
    <property name="os.name" value="Windows 11"/>
    <property name="java.vm.specification.version" value="21"/>
    <property name="user.country" value="PH"/>
    <property name="sun.java.launcher" value="SUN_STANDARD"/>
    <property name="sun.boot.library.path" value="C:\Program Files\Java\jdk-21\bin"/>
    <property name="sun.java.command" value="C:\Users\danilo\AppData\Local\Temp\surefire3197881805234511667\surefirebooter-20250723214946187_3.jar C:\Users\danilo\AppData\Local\Temp\surefire3197881805234511667 2025-07-23T21-49-46_046-jvmRun1 surefire-20250723214946187_1tmp surefire_0-20250723214946187_2tmp"/>
    <property name="jdk.debug" value="release"/>
    <property name="test" value="PayrollSummaryServiceTest"/>
    <property name="surefire.test.class.path" value="C:\Users\danilo\Documents\NetBeansProjects\AOOP_MPH_PayrollSystem_Maven\target\test-classes;C:\Users\danilo\Documents\NetBeansProjects\AOOP_MPH_PayrollSystem_Maven\target\classes;C:\Users\danilo\.m2\repository\org\junit\jupiter\junit-jupiter\5.10.2\junit-jupiter-5.10.2.jar;C:\Users\danilo\.m2\repository\org\junit\jupiter\junit-jupiter-api\5.10.2\junit-jupiter-api-5.10.2.jar;C:\Users\danilo\.m2\repository\org\opentest4j\opentest4j\1.3.0\opentest4j-1.3.0.jar;C:\Users\danilo\.m2\repository\org\junit\platform\junit-platform-commons\1.10.2\junit-platform-commons-1.10.2.jar;C:\Users\danilo\.m2\repository\org\apiguardian\apiguardian-api\1.1.2\apiguardian-api-1.1.2.jar;C:\Users\danilo\.m2\repository\org\junit\jupiter\junit-jupiter-params\5.10.2\junit-jupiter-params-5.10.2.jar;C:\Users\danilo\.m2\repository\org\junit\jupiter\junit-jupiter-engine\5.10.2\junit-jupiter-engine-5.10.2.jar;C:\Users\danilo\.m2\repository\org\junit\platform\junit-platform-engine\1.10.2\junit-platform-engine-1.10.2.jar;C:\Users\danilo\.m2\repository\com\mysql\mysql-connector-j\9.3.0\mysql-connector-j-9.3.0.jar;C:\Users\danilo\.m2\repository\com\google\protobuf\protobuf-java\4.29.0\protobuf-java-4.29.0.jar;C:\Users\danilo\.m2\repository\org\mockito\mockito-core\5.2.0\mockito-core-5.2.0.jar;C:\Users\danilo\.m2\repository\net\bytebuddy\byte-buddy\1.14.1\byte-buddy-1.14.1.jar;C:\Users\danilo\.m2\repository\net\bytebuddy\byte-buddy-agent\1.14.1\byte-buddy-agent-1.14.1.jar;C:\Users\danilo\.m2\repository\org\objenesis\objenesis\3.3\objenesis-3.3.jar;C:\Users\danilo\.m2\repository\com\github\lgooddatepicker\LGoodDatePicker\11.2.1\LGoodDatePicker-11.2.1.jar;C:\Users\danilo\.m2\repository\com\toedter\jcalendar\1.4\jcalendar-1.4.jar;C:\Users\danilo\.m2\repository\org\mindrot\jbcrypt\0.4\jbcrypt-0.4.jar;C:\Users\danilo\.m2\repository\com\opencsv\opencsv\3.8\opencsv-3.8.jar;C:\Users\danilo\.m2\repository\org\apache\commons\commons-lang3\3.4\commons-lang3-3.4.jar;C:\Users\danilo\.m2\repository\commons-beanutils\commons-beanutils\1.9.2\commons-beanutils-1.9.2.jar;C:\Users\danilo\.m2\repository\commons-collections\commons-collections\3.2.1\commons-collections-3.2.1.jar;C:\Users\danilo\.m2\repository\org\netbeans\external\AbsoluteLayout\RELEASE260\AbsoluteLayout-RELEASE260.jar;C:\Users\danilo\.m2\repository\net\sf\jasperreports\jasperreports\7.0.3\jasperreports-7.0.3.jar;C:\Users\danilo\.m2\repository\commons-logging\commons-logging\1.3.0\commons-logging-1.3.0.jar;C:\Users\danilo\.m2\repository\org\apache\commons\commons-collections4\4.4\commons-collections4-4.4.jar;C:\Users\danilo\.m2\repository\com\fasterxml\jackson\core\jackson-core\2.18.2\jackson-core-2.18.2.jar;C:\Users\danilo\.m2\repository\com\fasterxml\jackson\core\jackson-annotations\2.18.2\jackson-annotations-2.18.2.jar;C:\Users\danilo\.m2\repository\com\fasterxml\jackson\core\jackson-databind\2.18.2\jackson-databind-2.18.2.jar;C:\Users\danilo\.m2\repository\org\apache\xmlgraphics\batik-anim\1.18\batik-anim-1.18.jar;C:\Users\danilo\.m2\repository\org\apache\xmlgraphics\batik-ext\1.18\batik-ext-1.18.jar;C:\Users\danilo\.m2\repository\org\apache\xmlgraphics\batik-parser\1.18\batik-parser-1.18.jar;C:\Users\danilo\.m2\repository\org\apache\xmlgraphics\batik-shared-resources\1.18\batik-shared-resources-1.18.jar;C:\Users\danilo\.m2\repository\org\apache\xmlgraphics\batik-bridge\1.18\batik-bridge-1.18.jar;C:\Users\danilo\.m2\repository\org\apache\xmlgraphics\batik-script\1.18\batik-script-1.18.jar;C:\Users\danilo\.m2\repository\org\apache\xmlgraphics\batik-xml\1.18\batik-xml-1.18.jar;C:\Users\danilo\.m2\repository\org\apache\xmlgraphics\xmlgraphics-commons\2.10\xmlgraphics-commons-2.10.jar;C:\Users\danilo\.m2\repository\commons-io\commons-io\2.11.0\commons-io-2.11.0.jar;C:\Users\danilo\.m2\repository\org\apache\xmlgraphics\batik-dom\1.18\batik-dom-1.18.jar;C:\Users\danilo\.m2\repository\org\apache\xmlgraphics\batik-svg-dom\1.18\batik-svg-dom-1.18.jar;C:\Users\danilo\.m2\repository\org\apache\xmlgraphics\batik-awt-util\1.18\batik-awt-util-1.18.jar;C:\Users\danilo\.m2\repository\org\apache\xmlgraphics\batik-gvt\1.18\batik-gvt-1.18.jar;C:\Users\danilo\.m2\repository\org\apache\xmlgraphics\batik-util\1.18\batik-util-1.18.jar;C:\Users\danilo\.m2\repository\org\apache\xmlgraphics\batik-i18n\1.18\batik-i18n-1.18.jar;C:\Users\danilo\.m2\repository\org\apache\xmlgraphics\batik-constants\1.18\batik-constants-1.18.jar;C:\Users\danilo\.m2\repository\org\apache\xmlgraphics\batik-css\1.18\batik-css-1.18.jar;C:\Users\danilo\.m2\repository\xml-apis\xml-apis-ext\1.3.04\xml-apis-ext-1.3.04.jar;C:\Users\danilo\.m2\repository\net\sf\jasperreports\jasperreports-pdf\7.0.3\jasperreports-pdf-7.0.3.jar;C:\Users\danilo\.m2\repository\com\github\librepdf\openpdf\1.3.32\openpdf-1.3.32.jar;C:\Users\danilo\.m2\repository\com\adobe\xmp\xmpcore\6.1.11\xmpcore-6.1.11.jar;C:\Users\danilo\.m2\repository\net\sf\jasperreports\jasperreports-fonts\7.0.3\jasperreports-fonts-7.0.3.jar;C:\Users\danilo\.m2\repository\net\sf\jasperreports\jasperreports-functions\7.0.3\jasperreports-functions-7.0.3.jar;C:\Users\danilo\.m2\repository\org\apache\pdfbox\pdfbox\2.0.27\pdfbox-2.0.27.jar;C:\Users\danilo\.m2\repository\org\apache\pdfbox\fontbox\2.0.27\fontbox-2.0.27.jar;C:\Users\danilo\.m2\repository\com\fasterxml\jackson\dataformat\jackson-dataformat-xml\2.19.1\jackson-dataformat-xml-2.19.1.jar;C:\Users\danilo\.m2\repository\org\codehaus\woodstox\stax2-api\4.2.2\stax2-api-4.2.2.jar;C:\Users\danilo\.m2\repository\com\fasterxml\woodstox\woodstox-core\6.5.0\woodstox-core-6.5.0.jar;"/>
    <property name="sun.cpu.endian" value="little"/>
    <property name="user.home" value="C:\Users\danilo"/>
    <property name="user.language" value="en"/>
    <property name="java.specification.vendor" value="Oracle Corporation"/>
    <property name="java.version.date" value="2023-10-17"/>
    <property name="java.home" value="C:\Program Files\Java\jdk-21"/>
    <property name="file.separator" value="\"/>
    <property name="basedir" value="C:\Users\danilo\Documents\NetBeansProjects\AOOP_MPH_PayrollSystem_Maven"/>
    <property name="java.vm.compressedOopsMode" value="Zero based"/>
    <property name="line.separator" value="&#10;"/>
    <property name="java.vm.specification.vendor" value="Oracle Corporation"/>
    <property name="java.specification.name" value="Java Platform API Specification"/>
    <property name="surefire.real.class.path" value="C:\Users\danilo\AppData\Local\Temp\surefire3197881805234511667\surefirebooter-20250723214946187_3.jar"/>
    <property name="user.script" value=""/>
    <property name="sun.management.compiler" value="HotSpot 64-Bit Tiered Compilers"/>
    <property name="java.runtime.version" value="21.0.1+12-LTS-29"/>
    <property name="user.name" value="danilo"/>
    <property name="stdout.encoding" value="Cp1252"/>
    <property name="path.separator" value=";"/>
    <property name="os.version" value="10.0"/>
    <property name="java.runtime.name" value="Java(TM) SE Runtime Environment"/>
    <property name="file.encoding" value="UTF-8"/>
    <property name="java.vm.name" value="Java HotSpot(TM) 64-Bit Server VM"/>
    <property name="maven.ext.class.path" value="C:\Program Files\NetBeans-20\netbeans\java\maven-nblib\netbeans-eventspy.jar"/>
    <property name="localRepository" value="C:\Users\danilo\.m2\repository"/>
    <property name="java.vendor.url.bug" value="https://bugreport.java.com/bugreport/"/>
    <property name="java.io.tmpdir" value="C:\Users\danilo\AppData\Local\Temp\"/>
    <property name="java.version" value="21.0.1"/>
    <property name="user.dir" value="C:\Users\danilo\Documents\NetBeansProjects\AOOP_MPH_PayrollSystem_Maven"/>
    <property name="os.arch" value="amd64"/>
    <property name="java.vm.specification.name" value="Java Virtual Machine Specification"/>
    <property name="sun.os.patch.level" value=""/>
    <property name="native.encoding" value="Cp1252"/>
    <property name="java.library.path" value="C:\Program Files\Java\jdk-21\bin;C:\WINDOWS\Sun\Java\bin;C:\WINDOWS\system32;C:\WINDOWS;C:\Program Files\Common Files\Oracle\Java\javapath;C:\WINDOWS\system32;C:\WINDOWS;C:\WINDOWS\System32\Wbem;C:\WINDOWS\System32\WindowsPowerShell\v1.0\;C:\WINDOWS\System32\OpenSSH\;C:\Program Files\dotnet\;C:\Program Files\Git\cmd;C:\Users\danilo\AppData\Local\Programs\Python\Launcher\;C:\Users\danilo\AppData\Local\Microsoft\WindowsApps;C:\Users\danilo\AppData\Local\Programs\Microsoft VS Code\bin;C:\Users\danilo\AppData\Local\GitHubDesktop\bin;;."/>
    <property name="java.vm.info" value="mixed mode, sharing"/>
    <property name="stderr.encoding" value="Cp1252"/>
    <property name="java.vendor" value="Oracle Corporation"/>
    <property name="java.vm.version" value="21.0.1+12-LTS-29"/>
    <property name="sun.io.unicode.encoding" value="UnicodeLittle"/>
    <property name="java.class.version" value="65.0"/>
  </properties>
  <testcase name="test7_fetchPayrollSummariesJTable" classname="PayrollSummaryServiceTest" time="0.581">
    <system-out><![CDATA[Database connection established for PayrollSummaryServiceTest.
Test 7: fetchPayrollSummaries - Populate JTable
JTable model class: DefaultTableModel
]]></system-out>
  </testcase>
  <testcase name="test2_listPayrollSummaryAllEmployees" classname="PayrollSummaryServiceTest" time="0.108">
    <system-out><![CDATA[Test 2: listPayrollSummary - For all employees
All employee summaries found: 238
]]></system-out>
  </testcase>
  <testcase name="test8_fetchAllPayrollSummariesJTable" classname="PayrollSummaryServiceTest" time="0.089">
    <system-out><![CDATA[Test 8: fetchAllPayrollSummaries - Populate JTable with all employees
JTable total rows: 238
]]></system-out>
  </testcase>
  <testcase name="test9_listPayrollSummary_nullDateEmployee" classname="PayrollSummaryServiceTest" time="0.031">
    <system-out><![CDATA[Test 9: listPayrollSummary - Null date, real employee
Summaries found: 7
]]></system-out>
  </testcase>
  <testcase name="test5_benefitsCalculation_nonExistentEmployee" classname="PayrollSummaryServiceTest" time="0.044">
    <system-out><![CDATA[Test 5: benefits - Non-existent employee should throw Exception
Exception thrown as expected for non-existent employee: Cannot invoke "model.Employee.getRiceSubsidy()" because "employee" is null
]]></system-out>
  </testcase>
  <testcase name="test6_listPayrollSummary_dateRangeOnly" classname="PayrollSummaryServiceTest" time="0.068">
    <system-out><![CDATA[Test 6: listPayrollSummary - Only date range (all employees)
Summaries found for year 2024: 238
]]></system-out>
  </testcase>
  <testcase name="test3_benefitsCalculation" classname="PayrollSummaryServiceTest" time="0.041">
    <system-out><![CDATA[Test 3: benefits - Compute total benefit for employee
Total benefits for emp 10001: 4500.0
]]></system-out>
  </testcase>
  <testcase name="test1_listPayrollSummaryForEmployeeAndDateRange" classname="PayrollSummaryServiceTest" time="0.021">
    <system-out><![CDATA[Test 1: listPayrollSummary - For employee and date range
Summaries found: 1
]]></system-out>
  </testcase>
  <testcase name="test4_listPayrollSummary_noResults" classname="PayrollSummaryServiceTest" time="0.046">
    <system-out><![CDATA[Test 4: listPayrollSummary - For employee/date range with no results
Summaries found for invalid employee/date: 0
]]></system-out>
  </testcase>
</testsuite>